<?xml version="1.0" encoding="UTF-8"?>
<!-- Generated by org.testng.reporters.JUnitXMLReporter -->
<testsuite hostname="viao-PC" ignored="0" name="Different class execute" tests="3" failures="0" timestamp="17 Aug 2018 05:27:56 GMT" time="5.798" errors="0">
  <testcase name="test_Users_without_header" time="2.83" classname="testApi.Get_Api_Users"/>
  <testcase name="test_Post_Api_Users_with_header" time="1.856" classname="testApi.Post_Api_Users"/>
  <testcase name="test_User_with_header" time="0.993" classname="testApi.Get_Api_Users"/>
</testsuite> <!-- Different class execute -->
