<?xml version="1.0" encoding="UTF-8"?>
<testng-results skipped="0" failed="0" ignored="0" total="3" passed="3">
  <reporter-output>
  </reporter-output>
  <suite name="TestNG Concepts" duration-ms="5798" started-at="2018-08-17T05:27:50Z" finished-at="2018-08-17T05:27:56Z">
    <groups>
    </groups>
    <test name="Different class execute" duration-ms="5798" started-at="2018-08-17T05:27:50Z" finished-at="2018-08-17T05:27:56Z">
      <class name="testApi.Get_Api_Users">
        <test-method status="PASS" signature="setUp()[pri:0, instance:testApi.Get_Api_Users@4f933fd1]" name="setUp" is-config="true" duration-ms="16" started-at="2018-08-17T05:27:50Z" finished-at="2018-08-17T05:27:50Z">
          <reporter-output>
          </reporter-output>
        </test-method> <!-- setUp -->
        <test-method status="PASS" signature="test_Users_without_header()[pri:1, instance:testApi.Get_Api_Users@4f933fd1]" name="test_Users_without_header" duration-ms="2830" started-at="2018-08-17T05:27:50Z" finished-at="2018-08-17T05:27:53Z">
          <reporter-output>
          </reporter-output>
        </test-method> <!-- test_Users_without_header -->
        <test-method status="PASS" signature="setUp()[pri:0, instance:testApi.Get_Api_Users@4f933fd1]" name="setUp" is-config="true" duration-ms="1" started-at="2018-08-17T05:27:55Z" finished-at="2018-08-17T05:27:55Z">
          <reporter-output>
          </reporter-output>
        </test-method> <!-- setUp -->
        <test-method status="PASS" signature="test_User_with_header()[pri:2, instance:testApi.Get_Api_Users@4f933fd1]" name="test_User_with_header" duration-ms="993" started-at="2018-08-17T05:27:55Z" finished-at="2018-08-17T05:27:56Z">
          <reporter-output>
          </reporter-output>
        </test-method> <!-- test_User_with_header -->
      </class> <!-- testApi.Get_Api_Users -->
      <class name="testApi.Post_Api_Users">
        <test-method status="PASS" signature="setUp()[pri:0, instance:testApi.Post_Api_Users@548a9f61]" name="setUp" is-config="true" duration-ms="1" started-at="2018-08-17T05:27:53Z" finished-at="2018-08-17T05:27:53Z">
          <reporter-output>
          </reporter-output>
        </test-method> <!-- setUp -->
        <test-method status="PASS" signature="test_Post_Api_Users_with_header()[pri:1, instance:testApi.Post_Api_Users@548a9f61]" name="test_Post_Api_Users_with_header" duration-ms="1856" started-at="2018-08-17T05:27:53Z" finished-at="2018-08-17T05:27:55Z">
          <reporter-output>
          </reporter-output>
        </test-method> <!-- test_Post_Api_Users_with_header -->
      </class> <!-- testApi.Post_Api_Users -->
    </test> <!-- Different class execute -->
  </suite> <!-- TestNG Concepts -->
</testng-results>
